Sun Dec 08 2024 10:41:27 [LEARNOVA] info: [32m🚀 Database connected successfully[39m
Sun Dec 08 2024 10:41:27 [LEARNOVA] info: [33m♻️  Application listening on port:6001[39m
Sun Dec 08 2024 10:43:14 [LEARNOVA] info: [32m🚀 Database connected successfully[39m
Sun Dec 08 2024 10:43:14 [LEARNOVA] info: [33m♻️  Application listening on port:6001[39m
Sun Dec 08 2024 10:44:53 [LEARNOVA] info: 192.168.10.102 - GET /api/v1/course/student 200 - 79.231 ms
Sun Dec 08 2024 10:45:12 [LEARNOVA] info: [32m🚀 Database connected successfully[39m
Sun Dec 08 2024 10:45:12 [LEARNOVA] info: [33m♻️  Application listening on port:6001[39m
Sun Dec 08 2024 10:45:13 [LEARNOVA] info: 192.168.10.102 - GET /api/v1/course/student 200 - 17.501 ms
Sun Dec 08 2024 10:45:17 [LEARNOVA] info: 192.168.10.102 - GET /api/v1/course/student?subject=English 200 - 8.970 ms
Sun Dec 08 2024 10:45:23 [LEARNOVA] info: 192.168.10.102 - GET /api/v1/course/student?subject=Englisha 200 - 6.620 ms
Sun Dec 08 2024 10:45:27 [LEARNOVA] info: 192.168.10.102 - GET /api/v1/course/student?subject=English 200 - 6.971 ms
Sun Dec 08 2024 10:45:45 [LEARNOVA] info: [32m🚀 Database connected successfully[39m
Sun Dec 08 2024 10:45:45 [LEARNOVA] info: [33m♻️  Application listening on port:6001[39m
Sun Dec 08 2024 10:46:56 [LEARNOVA] info: [32m🚀 Database connected successfully[39m
Sun Dec 08 2024 10:46:56 [LEARNOVA] info: [33m♻️  Application listening on port:6001[39m
Sun Dec 08 2024 10:48:9 [LEARNOVA] info: [32m🚀 Database connected successfully[39m
Sun Dec 08 2024 10:48:9 [LEARNOVA] info: [33m♻️  Application listening on port:6001[39m
Sun Dec 08 2024 10:48:14 [LEARNOVA] info: [32m🚀 Database connected successfully[39m
Sun Dec 08 2024 10:48:14 [LEARNOVA] info: [33m♻️  Application listening on port:6001[39m
Sun Dec 08 2024 10:48:28 [LEARNOVA] info: [32m🚀 Database connected successfully[39m
Sun Dec 08 2024 10:48:28 [LEARNOVA] info: [33m♻️  Application listening on port:6001[39m
Sun Dec 08 2024 10:48:30 [LEARNOVA] info: [32m🚀 Database connected successfully[39m
Sun Dec 08 2024 10:48:30 [LEARNOVA] info: [33m♻️  Application listening on port:6001[39m
Sun Dec 08 2024 10:48:36 [LEARNOVA] info: 192.168.10.102 - GET /api/v1/course/student 200 - 15.288 ms
Sun Dec 08 2024 10:48:52 [LEARNOVA] info: 192.168.10.102 - GET /api/v1/course/student 200 - 6.423 ms
Sun Dec 08 2024 10:50:27 [LEARNOVA] info: [32m🚀 Database connected successfully[39m
Sun Dec 08 2024 10:50:27 [LEARNOVA] info: [33m♻️  Application listening on port:6001[39m
Sun Dec 08 2024 10:54:50 [LEARNOVA] info: [32m🚀 Database connected successfully[39m
Sun Dec 08 2024 10:54:50 [LEARNOVA] info: [33m♻️  Application listening on port:6001[39m
Sun Dec 08 2024 10:55:27 [LEARNOVA] info: [32m🚀 Database connected successfully[39m
Sun Dec 08 2024 10:55:27 [LEARNOVA] info: [33m♻️  Application listening on port:6001[39m
Sun Dec 08 2024 10:57:16 [LEARNOVA] info: [32m🚀 Database connected successfully[39m
Sun Dec 08 2024 10:57:16 [LEARNOVA] info: [33m♻️  Application listening on port:6001[39m
Sun Dec 08 2024 10:57:19 [LEARNOVA] info: [32m🚀 Database connected successfully[39m
Sun Dec 08 2024 10:57:19 [LEARNOVA] info: [33m♻️  Application listening on port:6001[39m
Sun Dec 08 2024 10:58:11 [LEARNOVA] info: [32m🚀 Database connected successfully[39m
Sun Dec 08 2024 10:58:11 [LEARNOVA] info: [33m♻️  Application listening on port:6001[39m
Sun Dec 08 2024 10:58:12 [LEARNOVA] info: [32m🚀 Database connected successfully[39m
Sun Dec 08 2024 10:58:12 [LEARNOVA] info: [33m♻️  Application listening on port:6001[39m
Sun Dec 08 2024 10:58:13 [LEARNOVA] info: [32m🚀 Database connected successfully[39m
Sun Dec 08 2024 10:58:13 [LEARNOVA] info: [33m♻️  Application listening on port:6001[39m
Sun Dec 08 2024 10:58:14 [LEARNOVA] info: [32m🚀 Database connected successfully[39m
Sun Dec 08 2024 10:58:14 [LEARNOVA] info: [33m♻️  Application listening on port:6001[39m
Sun Dec 08 2024 10:58:56 [LEARNOVA] info: [32m🚀 Database connected successfully[39m
Sun Dec 08 2024 10:58:56 [LEARNOVA] info: [33m♻️  Application listening on port:6001[39m
Sun Dec 08 2024 10:59:51 [LEARNOVA] info: [32m🚀 Database connected successfully[39m
Sun Dec 08 2024 10:59:51 [LEARNOVA] info: [33m♻️  Application listening on port:6001[39m
